Script started
Config included
Script started
Config included
Handling register action
Script started
Config included
Script started
Config included
Handling register action
Script started
Config included
Script started
Config included
Handling register action
Script started
Config included
Script started
Config included
Handling register action
Script started
Config included
Script started
Config included
Handling register action
Script started
Config included
Script started
Config included
Handling register action
Transaction started
User inserted
Roles inserted
Script started
Config included
Script started
Config included
Handling register action
Transaction started
User inserted
Roles inserted
Script started
Config included
Script started
Config included
Handling register action
Transaction started
User inserted
Roles inserted
Script started
Config included
Script started
Config included
Handling register action
Transaction started
Error in transaction: SQLSTATE[23000]: Integrity constraint violation: 1062 Duplicate entry 'LuciPinilla' for key 'username'
Script started
Config included
Script started
Config included
Handling register action
Transaction started
User inserted
Roles inserted
Script started
Config included
Script started
Config included
Handling register action
Transaction started
Error in transaction: SQLSTATE[23000]: Integrity constraint violation: 1062 Duplicate entry 'LuciPinilla' for key 'username'
Script started
Config included
Script started
Config included
Handling register action
Transaction started
User inserted
Roles inserted
Script started
Config included
Script started
Config included
Handling register action
Transaction started
User inserted
Roles inserted
Script started
Config included
Script started
Config included
Handling register action
Transaction started
User inserted
Roles inserted
Script started
Config included
Script started
Config included
Handling register action
Transaction started
User inserted
Roles inserted
Script started
Config included
Script started
Config included
Handling register action
Transaction started
User inserted
Roles inserted
Script started
Config included
Script started
Config included
Handling register action
Transaction started
User inserted
Roles inserted
Script started
Config included
Script started
Config included
Handling register action
Transaction started
User inserted
Roles inserted
Script started
Config included
Script started
Config included
Handling register action
Transaction started
User inserted
Roles inserted
Script started
Config included
Script started
Config included
Handling register action
Transaction started
User inserted
Roles inserted
Script started
Config included
Script started
Config included
Handling register action
Transaction started
User inserted
Roles inserted
Script started
Config included
Script started
Config included
Handling register action
Transaction started
User inserted
Roles inserted
Script started
Config included
Script started
Config included
Handling register action
Transaction started
User inserted
Roles inserted
Script started
Config included
Script started
Config included
Handling register action
Transaction started
User inserted
Roles inserted
Script started
Config included
Script started
Config included
Handling register action
Transaction started
User inserted
Roles inserted
Script started
Config included
Script started
Config included
Handling register action
Transaction started
User inserted
Roles inserted
Script started
Config included
Script started
Config included
Handling register action
Transaction started
User inserted
Roles inserted
Script started
Config included
Script started
Config included
Handling register action
Transaction started
User inserted
Roles inserted
Script started
Config included
Script started
Config included
Handling register action
Transaction started
Error in transaction: SQLSTATE[23000]: Integrity constraint violation: 1062 Duplicate entry 'LuciPinilla' for key 'username'
Script started
Config included
Script started
Config included
Handling register action
Transaction started
User inserted
Roles inserted
Script started
Config included
Script started
Config included
Handling register action
Transaction started
User inserted
Roles inserted
Script started
Config included
Script started
Config included
Handling register action
Transaction started
User inserted
Roles inserted
Script started
Config included
Script started
Config included
Handling register action
Transaction started
User inserted
Roles inserted
Script started
Config included
Script started
Config included
Handling register action
Transaction started
User inserted
Roles inserted
Script started
Config included
Script started
Config included
Handling register action
Transaction started
User inserted
Roles inserted
Script started
Config included
Script started
Config included
Handling register action
Transaction started
User inserted
Roles inserted
Script started
Config included
Script started
Config included
Handling register action
Transaction started
User inserted
Roles inserted
Script started
Config included
Script started
Config included
Handling register action
Transaction started
User inserted
Roles inserted
Script started
Config included
Script started
Config included
Handling register action
Transaction started
User inserted
Roles inserted
Script started
Config included
Script started
Config included
Handling register action
Transaction started
User inserted
Roles inserted
Script started
Config included
Script started
Config included
Handling register action
Transaction started
User inserted
Roles inserted
Script started
Config included
Script started
Config included
Handling register action
Transaction started
Error in transaction: SQLSTATE[23000]: Integrity constraint violation: 1062 Duplicate entry 'LuciPinilla' for key 'username'
Script started
Config included
Script started
Config included
Handling register action
Transaction started
User inserted
Roles inserted
Script started
Config included
Script started
Config included
Handling register action
Transaction started
User inserted
Roles inserted
Script started
Config included
Script started
Config included
Handling register action
Transaction started
User inserted
Roles inserted
Script started
Config included
Script started
Config included
Handling register action
Transaction started
User inserted
Roles inserted
Script started
Config included
Script started
Config included
Handling register action
Transaction started
User inserted
Roles inserted
Script started
Config included
Script started
Config included
Handling register action
Transaction started
User inserted
Roles inserted
Script started
Config included
Script started
Config included
Handling register action
Transaction started
User inserted
Roles inserted
Script started
Config included
Script started
Config included
Handling register action
Transaction started
User inserted
Roles inserted
Script started
Config included
Script started
Config included
Handling register action
Transaction started
Error in transaction: SQLSTATE[23000]: Integrity constraint violation: 1062 Duplicate entry '' for key 'email'
Script started
Config included
Script started
Config included
Handling register action
Transaction started
User inserted
Roles inserted
Script started
Config included
Script started
Config included
Handling register action
Transaction started
User inserted
Roles inserted
Script started
Config included
Script started
Config included
Handling register action
Transaction started
User inserted
Roles inserted
Script started
Config included
Script started
Config included
Handling register action
Transaction started
User inserted
Script started
Config included
Handling register action
Transaction started
Roles inserted
Error in transaction: SQLSTATE[23000]: Integrity constraint violation: 1062 Duplicate entry 'Poltergeist23' for key 'username'
Script started
Config included
Script started
Config included
Handling register action
Transaction started
User inserted
Roles inserted
Script started
Config included
Script started
Config included
Handling register action
Transaction started
User inserted
Roles inserted
Script started
Config included
Script started
Config included
Handling register action
Transaction started
User inserted
Roles inserted
